The system is: Linux - 4.4.0-18362-Microsoft - x86_64
Compiling the CXX compiler identification source file "CMakeCXXCompilerId.cpp" succeeded.
Compiler: /usr/bin/g++-9 
Build flags: 
Id flags:  

The output was:
0


Compilation of the CXX compiler identification source "CMakeCXXCompilerId.cpp" produced "a.out"

The CXX compiler identification is GNU, found in "/home/tobias/git/FLibraryCollection/build/CMakeFiles/3.17.0/CompilerIdCXX/a.out"

Determining if the CXX compiler works passed with the following output:
Change Dir: /home/tobias/git/FLibraryCollection/build/CMakeFiles/CMakeTmp

Run Build Command(s):/usr/bin/gmake cmTC_224fa/fast && /usr/bin/gmake -f CMakeFiles/cmTC_224fa.dir/build.make CMakeFiles/cmTC_224fa.dir/build
gmake[1]: Entering directory '/home/tobias/git/FLibraryCollection/build/CMakeFiles/CMakeTmp'
Building CXX object CMakeFiles/cmTC_224fa.dir/testCXXCompiler.cxx.o
/usr/bin/g++-9     -o CMakeFiles/cmTC_224fa.dir/testCXXCompiler.cxx.o -c /home/tobias/git/FLibraryCollection/build/CMakeFiles/CMakeTmp/testCXXCompiler.cxx
Linking CXX executable cmTC_224fa
/usr/bin/cmake -E cmake_link_script CMakeFiles/cmTC_224fa.dir/link.txt --verbose=1
/usr/bin/g++-9       CMakeFiles/cmTC_224fa.dir/testCXXCompiler.cxx.o  -o cmTC_224fa 
gmake[1]: Leaving directory '/home/tobias/git/FLibraryCollection/build/CMakeFiles/CMakeTmp'



Detecting CXX compiler ABI info compiled with the following output:
Change Dir: /home/tobias/git/FLibraryCollection/build/CMakeFiles/CMakeTmp

Run Build Command(s):/usr/bin/gmake cmTC_ec097/fast && /usr/bin/gmake -f CMakeFiles/cmTC_ec097.dir/build.make CMakeFiles/cmTC_ec097.dir/build
gmake[1]: Entering directory '/home/tobias/git/FLibraryCollection/build/CMakeFiles/CMakeTmp'
Building CXX object CMakeFiles/cmTC_ec097.dir/CMakeCXXCompilerABI.cpp.o
/usr/bin/g++-9    -v -o CMakeFiles/cmTC_ec097.dir/CMakeCXXCompilerABI.cpp.o -c /usr/share/cmake/Modules/CMakeCXXCompilerABI.cpp
Using built-in specs.
COLLECT_GCC=/usr/bin/g++-9
OFFLOAD_TARGET_NAMES=hsa:nvptx-none
Target: x86_64-suse-linux
Configured with: ../configure --prefix=/usr --infodir=/usr/share/info --mandir=/usr/share/man --libdir=/usr/lib64 --libexecdir=/usr/lib64 --enable-languages=c,c++,fortran,ada,go --enable-offload-targets=hsa,nvptx-none=/usr/nvptx-none, --without-cuda-driver --disable-werror --with-gxx-include-dir=/usr/include/c++/9 --enable-ssp --disable-libssp --disable-libvtv --disable-cet --disable-libcc1 --disable-plugin --with-bugurl=https://bugs.opensuse.org/ --with-pkgversion='SUSE Linux' --with-slibdir=/lib64 --with-system-zlib --enable-libstdcxx-allocator=new --disable-libstdcxx-pch --enable-version-specific-runtime-libs --with-gcc-major-version-only --enable-linker-build-id --enable-linux-futex --enable-gnu-indirect-function --program-suffix=-9 --without-system-libunwind --enable-multilib --with-arch-32=x86-64 --with-tune=generic --build=x86_64-suse-linux --host=x86_64-suse-linux
Thread model: posix
gcc version 9.3.1 20200406 [revision 6db837a5288ee3ca5ec504fbd5a765817e556ac2] (SUSE Linux) 
COLLECT_GCC_OPTIONS='-v' '-o' 'CMakeFiles/cmTC_ec097.dir/CMakeCXXCompilerABI.cpp.o' '-c' '-shared-libgcc' '-mtune=generic' '-march=x86-64'
 /usr/lib64/gcc/x86_64-suse-linux/9/cc1plus -quiet -v -D_GNU_SOURCE /usr/share/cmake/Modules/CMakeCXXCompilerABI.cpp -quiet -dumpbase CMakeCXXCompilerABI.cpp -mtune=generic -march=x86-64 -auxbase-strip CMakeFiles/cmTC_ec097.dir/CMakeCXXCompilerABI.cpp.o -version -o /tmp/cc44Qdnn.s
GNU C++14 (SUSE Linux) version 9.3.1 20200406 [revision 6db837a5288ee3ca5ec504fbd5a765817e556ac2] (x86_64-suse-linux)
	compiled by GNU C version 9.3.1 20200406 [revision 6db837a5288ee3ca5ec504fbd5a765817e556ac2], GMP version 6.1.2, MPFR version 4.0.1, MPC version 1.1.0, isl version isl-0.18-GMP

GGC heuristics: --param ggc-min-expand=100 --param ggc-min-heapsize=131072
#include "..." search starts here:
#include <...> search starts here:
 /usr/include/c++/9
 /usr/include/c++/9/x86_64-suse-linux
 /usr/include/c++/9/backward
 /usr/lib64/gcc/x86_64-suse-linux/9/include
 /usr/local/include
 /usr/lib64/gcc/x86_64-suse-linux/9/include-fixed
 /usr/lib64/gcc/x86_64-suse-linux/9/../../../../x86_64-suse-linux/include
 /usr/include
End of search list.
GNU C++14 (SUSE Linux) version 9.3.1 20200406 [revision 6db837a5288ee3ca5ec504fbd5a765817e556ac2] (x86_64-suse-linux)
	compiled by GNU C version 9.3.1 20200406 [revision 6db837a5288ee3ca5ec504fbd5a765817e556ac2], GMP version 6.1.2, MPFR version 4.0.1, MPC version 1.1.0, isl version isl-0.18-GMP

GGC heuristics: --param ggc-min-expand=100 --param ggc-min-heapsize=131072
Compiler executable checksum: 00000000000000000000000000000000
COLLECT_GCC_OPTIONS='-v' '-o' 'CMakeFiles/cmTC_ec097.dir/CMakeCXXCompilerABI.cpp.o' '-c' '-shared-libgcc' '-mtune=generic' '-march=x86-64'
 /usr/lib64/gcc/x86_64-suse-linux/9/../../../../x86_64-suse-linux/bin/as -v --64 -o CMakeFiles/cmTC_ec097.dir/CMakeCXXCompilerABI.cpp.o /tmp/cc44Qdnn.s
GNU assembler version 2.32.0 (x86_64-suse-linux) using BFD version (GNU Binutils; openSUSE Leap 15.2) 2.32.0.20190909-lp152.3
COMPILER_PATH=/usr/lib64/gcc/x86_64-suse-linux/9/:/usr/lib64/gcc/x86_64-suse-linux/9/:/usr/lib64/gcc/x86_64-suse-linux/:/usr/lib64/gcc/x86_64-suse-linux/9/:/usr/lib64/gcc/x86_64-suse-linux/:/usr/lib64/gcc/x86_64-suse-linux/9/../../../../x86_64-suse-linux/bin/
LIBRARY_PATH=/usr/lib64/gcc/x86_64-suse-linux/9/:/usr/lib64/gcc/x86_64-suse-linux/9/../../../../lib64/:/lib/../lib64/:/usr/lib/../lib64/:/usr/lib64/gcc/x86_64-suse-linux/9/../../../../x86_64-suse-linux/lib/:/usr/lib64/gcc/x86_64-suse-linux/9/../../../:/lib/:/usr/lib/
COLLECT_GCC_OPTIONS='-v' '-o' 'CMakeFiles/cmTC_ec097.dir/CMakeCXXCompilerABI.cpp.o' '-c' '-shared-libgcc' '-mtune=generic' '-march=x86-64'
Linking CXX executable cmTC_ec097
/usr/bin/cmake -E cmake_link_script CMakeFiles/cmTC_ec097.dir/link.txt --verbose=1
/usr/bin/g++-9      -v CMakeFiles/cmTC_ec097.dir/CMakeCXXCompilerABI.cpp.o  -o cmTC_ec097 
Using built-in specs.
COLLECT_GCC=/usr/bin/g++-9
COLLECT_LTO_WRAPPER=/usr/lib64/gcc/x86_64-suse-linux/9/lto-wrapper
OFFLOAD_TARGET_NAMES=hsa:nvptx-none
Target: x86_64-suse-linux
Configured with: ../configure --prefix=/usr --infodir=/usr/share/info --mandir=/usr/share/man --libdir=/usr/lib64 --libexecdir=/usr/lib64 --enable-languages=c,c++,fortran,ada,go --enable-offload-targets=hsa,nvptx-none=/usr/nvptx-none, --without-cuda-driver --disable-werror --with-gxx-include-dir=/usr/include/c++/9 --enable-ssp --disable-libssp --disable-libvtv --disable-cet --disable-libcc1 --disable-plugin --with-bugurl=https://bugs.opensuse.org/ --with-pkgversion='SUSE Linux' --with-slibdir=/lib64 --with-system-zlib --enable-libstdcxx-allocator=new --disable-libstdcxx-pch --enable-version-specific-runtime-libs --with-gcc-major-version-only --enable-linker-build-id --enable-linux-futex --enable-gnu-indirect-function --program-suffix=-9 --without-system-libunwind --enable-multilib --with-arch-32=x86-64 --with-tune=generic --build=x86_64-suse-linux --host=x86_64-suse-linux
Thread model: posix
gcc version 9.3.1 20200406 [revision 6db837a5288ee3ca5ec504fbd5a765817e556ac2] (SUSE Linux) 
COMPILER_PATH=/usr/lib64/gcc/x86_64-suse-linux/9/:/usr/lib64/gcc/x86_64-suse-linux/9/:/usr/lib64/gcc/x86_64-suse-linux/:/usr/lib64/gcc/x86_64-suse-linux/9/:/usr/lib64/gcc/x86_64-suse-linux/:/usr/lib64/gcc/x86_64-suse-linux/9/../../../../x86_64-suse-linux/bin/
LIBRARY_PATH=/usr/lib64/gcc/x86_64-suse-linux/9/:/usr/lib64/gcc/x86_64-suse-linux/9/../../../../lib64/:/lib/../lib64/:/usr/lib/../lib64/:/usr/lib64/gcc/x86_64-suse-linux/9/../../../../x86_64-suse-linux/lib/:/usr/lib64/gcc/x86_64-suse-linux/9/../../../:/lib/:/usr/lib/
COLLECT_GCC_OPTIONS='-v' '-o' 'cmTC_ec097' '-shared-libgcc' '-mtune=generic' '-march=x86-64'
 /usr/lib64/gcc/x86_64-suse-linux/9/collect2 -plugin /usr/lib64/gcc/x86_64-suse-linux/9/liblto_plugin.so -plugin-opt=/usr/lib64/gcc/x86_64-suse-linux/9/lto-wrapper -plugin-opt=-fresolution=/tmp/ccvmIYBK.res -plugin-opt=-pass-through=-lgcc_s -plugin-opt=-pass-through=-lgcc -plugin-opt=-pass-through=-lc -plugin-opt=-pass-through=-lgcc_s -plugin-opt=-pass-through=-lgcc --build-id --eh-frame-hdr -m elf_x86_64 -dynamic-linker /lib64/ld-linux-x86-64.so.2 -o cmTC_ec097 /usr/lib64/gcc/x86_64-suse-linux/9/../../../../lib64/crt1.o /usr/lib64/gcc/x86_64-suse-linux/9/../../../../lib64/crti.o /usr/lib64/gcc/x86_64-suse-linux/9/crtbegin.o -L/usr/lib64/gcc/x86_64-suse-linux/9 -L/usr/lib64/gcc/x86_64-suse-linux/9/../../../../lib64 -L/lib/../lib64 -L/usr/lib/../lib64 -L/usr/lib64/gcc/x86_64-suse-linux/9/../../../../x86_64-suse-linux/lib -L/usr/lib64/gcc/x86_64-suse-linux/9/../../.. CMakeFiles/cmTC_ec097.dir/CMakeCXXCompilerABI.cpp.o -lstdc++ -lm -lgcc_s -lgcc -lc -lgcc_s -lgcc /usr/lib64/gcc/x86_64-suse-linux/9/crtend.o /usr/lib64/gcc/x86_64-suse-linux/9/../../../../lib64/crtn.o
COLLECT_GCC_OPTIONS='-v' '-o' 'cmTC_ec097' '-shared-libgcc' '-mtune=generic' '-march=x86-64'
gmake[1]: Leaving directory '/home/tobias/git/FLibraryCollection/build/CMakeFiles/CMakeTmp'



Parsed CXX implicit include dir info from above output: rv=done
  found start of include info
  found start of implicit include info
    add: [/usr/include/c++/9]
    add: [/usr/include/c++/9/x86_64-suse-linux]
    add: [/usr/include/c++/9/backward]
    add: [/usr/lib64/gcc/x86_64-suse-linux/9/include]
    add: [/usr/local/include]
    add: [/usr/lib64/gcc/x86_64-suse-linux/9/include-fixed]
    add: [/usr/lib64/gcc/x86_64-suse-linux/9/../../../../x86_64-suse-linux/include]
    add: [/usr/include]
  end of search list found
  collapse include dir [/usr/include/c++/9] ==> [/usr/include/c++/9]
  collapse include dir [/usr/include/c++/9/x86_64-suse-linux] ==> [/usr/include/c++/9/x86_64-suse-linux]
  collapse include dir [/usr/include/c++/9/backward] ==> [/usr/include/c++/9/backward]
  collapse include dir [/usr/lib64/gcc/x86_64-suse-linux/9/include] ==> [/usr/lib64/gcc/x86_64-suse-linux/9/include]
  collapse include dir [/usr/local/include] ==> [/usr/local/include]
  collapse include dir [/usr/lib64/gcc/x86_64-suse-linux/9/include-fixed] ==> [/usr/lib64/gcc/x86_64-suse-linux/9/include-fixed]
  collapse include dir [/usr/lib64/gcc/x86_64-suse-linux/9/../../../../x86_64-suse-linux/include] ==> [/usr/x86_64-suse-linux/include]
  collapse include dir [/usr/include] ==> [/usr/include]
  implicit include dirs: [/usr/include/c++/9;/usr/include/c++/9/x86_64-suse-linux;/usr/include/c++/9/backward;/usr/lib64/gcc/x86_64-suse-linux/9/include;/usr/local/include;/usr/lib64/gcc/x86_64-suse-linux/9/include-fixed;/usr/x86_64-suse-linux/include;/usr/include]


Parsed CXX implicit link information from above output:
  link line regex: [^( *|.*[/\])(ld|CMAKE_LINK_STARTFILE-NOTFOUND|([^/\]+-)?ld|collect2)[^/\]*( |$)]
  ignore line: [Change Dir: /home/tobias/git/FLibraryCollection/build/CMakeFiles/CMakeTmp]
  ignore line: []
  ignore line: [Run Build Command(s):/usr/bin/gmake cmTC_ec097/fast && /usr/bin/gmake -f CMakeFiles/cmTC_ec097.dir/build.make CMakeFiles/cmTC_ec097.dir/build]
  ignore line: [gmake[1]: Entering directory '/home/tobias/git/FLibraryCollection/build/CMakeFiles/CMakeTmp']
  ignore line: [Building CXX object CMakeFiles/cmTC_ec097.dir/CMakeCXXCompilerABI.cpp.o]
  ignore line: [/usr/bin/g++-9    -v -o CMakeFiles/cmTC_ec097.dir/CMakeCXXCompilerABI.cpp.o -c /usr/share/cmake/Modules/CMakeCXXCompilerABI.cpp]
  ignore line: [Using built-in specs.]
  ignore line: [COLLECT_GCC=/usr/bin/g++-9]
  ignore line: [OFFLOAD_TARGET_NAMES=hsa:nvptx-none]
  ignore line: [Target: x86_64-suse-linux]
  ignore line: [Configured with: ../configure --prefix=/usr --infodir=/usr/share/info --mandir=/usr/share/man --libdir=/usr/lib64 --libexecdir=/usr/lib64 --enable-languages=c c++ fortran ada go --enable-offload-targets=hsa nvptx-none=/usr/nvptx-none  --without-cuda-driver --disable-werror --with-gxx-include-dir=/usr/include/c++/9 --enable-ssp --disable-libssp --disable-libvtv --disable-cet --disable-libcc1 --disable-plugin --with-bugurl=https://bugs.opensuse.org/ --with-pkgversion='SUSE Linux' --with-slibdir=/lib64 --with-system-zlib --enable-libstdcxx-allocator=new --disable-libstdcxx-pch --enable-version-specific-runtime-libs --with-gcc-major-version-only --enable-linker-build-id --enable-linux-futex --enable-gnu-indirect-function --program-suffix=-9 --without-system-libunwind --enable-multilib --with-arch-32=x86-64 --with-tune=generic --build=x86_64-suse-linux --host=x86_64-suse-linux]
  ignore line: [Thread model: posix]
  ignore line: [gcc version 9.3.1 20200406 [revision 6db837a5288ee3ca5ec504fbd5a765817e556ac2] (SUSE Linux) ]
  ignore line: [COLLECT_GCC_OPTIONS='-v' '-o' 'CMakeFiles/cmTC_ec097.dir/CMakeCXXCompilerABI.cpp.o' '-c' '-shared-libgcc' '-mtune=generic' '-march=x86-64']
  ignore line: [ /usr/lib64/gcc/x86_64-suse-linux/9/cc1plus -quiet -v -D_GNU_SOURCE /usr/share/cmake/Modules/CMakeCXXCompilerABI.cpp -quiet -dumpbase CMakeCXXCompilerABI.cpp -mtune=generic -march=x86-64 -auxbase-strip CMakeFiles/cmTC_ec097.dir/CMakeCXXCompilerABI.cpp.o -version -o /tmp/cc44Qdnn.s]
  ignore line: [GNU C++14 (SUSE Linux) version 9.3.1 20200406 [revision 6db837a5288ee3ca5ec504fbd5a765817e556ac2] (x86_64-suse-linux)]
  ignore line: [	compiled by GNU C version 9.3.1 20200406 [revision 6db837a5288ee3ca5ec504fbd5a765817e556ac2]  GMP version 6.1.2  MPFR version 4.0.1  MPC version 1.1.0  isl version isl-0.18-GMP]
  ignore line: []
  ignore line: [GGC heuristics: --param ggc-min-expand=100 --param ggc-min-heapsize=131072]
  ignore line: [#include "..." search starts here:]
  ignore line: [#include <...> search starts here:]
  ignore line: [ /usr/include/c++/9]
  ignore line: [ /usr/include/c++/9/x86_64-suse-linux]
  ignore line: [ /usr/include/c++/9/backward]
  ignore line: [ /usr/lib64/gcc/x86_64-suse-linux/9/include]
  ignore line: [ /usr/local/include]
  ignore line: [ /usr/lib64/gcc/x86_64-suse-linux/9/include-fixed]
  ignore line: [ /usr/lib64/gcc/x86_64-suse-linux/9/../../../../x86_64-suse-linux/include]
  ignore line: [ /usr/include]
  ignore line: [End of search list.]
  ignore line: [GNU C++14 (SUSE Linux) version 9.3.1 20200406 [revision 6db837a5288ee3ca5ec504fbd5a765817e556ac2] (x86_64-suse-linux)]
  ignore line: [	compiled by GNU C version 9.3.1 20200406 [revision 6db837a5288ee3ca5ec504fbd5a765817e556ac2]  GMP version 6.1.2  MPFR version 4.0.1  MPC version 1.1.0  isl version isl-0.18-GMP]
  ignore line: []
  ignore line: [GGC heuristics: --param ggc-min-expand=100 --param ggc-min-heapsize=131072]
  ignore line: [Compiler executable checksum: 00000000000000000000000000000000]
  ignore line: [COLLECT_GCC_OPTIONS='-v' '-o' 'CMakeFiles/cmTC_ec097.dir/CMakeCXXCompilerABI.cpp.o' '-c' '-shared-libgcc' '-mtune=generic' '-march=x86-64']
  ignore line: [ /usr/lib64/gcc/x86_64-suse-linux/9/../../../../x86_64-suse-linux/bin/as -v --64 -o CMakeFiles/cmTC_ec097.dir/CMakeCXXCompilerABI.cpp.o /tmp/cc44Qdnn.s]
  ignore line: [GNU assembler version 2.32.0 (x86_64-suse-linux) using BFD version (GNU Binutils]
  ignore line: [ openSUSE Leap 15.2) 2.32.0.20190909-lp152.3]
  ignore line: [COMPILER_PATH=/usr/lib64/gcc/x86_64-suse-linux/9/:/usr/lib64/gcc/x86_64-suse-linux/9/:/usr/lib64/gcc/x86_64-suse-linux/:/usr/lib64/gcc/x86_64-suse-linux/9/:/usr/lib64/gcc/x86_64-suse-linux/:/usr/lib64/gcc/x86_64-suse-linux/9/../../../../x86_64-suse-linux/bin/]
  ignore line: [LIBRARY_PATH=/usr/lib64/gcc/x86_64-suse-linux/9/:/usr/lib64/gcc/x86_64-suse-linux/9/../../../../lib64/:/lib/../lib64/:/usr/lib/../lib64/:/usr/lib64/gcc/x86_64-suse-linux/9/../../../../x86_64-suse-linux/lib/:/usr/lib64/gcc/x86_64-suse-linux/9/../../../:/lib/:/usr/lib/]
  ignore line: [COLLECT_GCC_OPTIONS='-v' '-o' 'CMakeFiles/cmTC_ec097.dir/CMakeCXXCompilerABI.cpp.o' '-c' '-shared-libgcc' '-mtune=generic' '-march=x86-64']
  ignore line: [Linking CXX executable cmTC_ec097]
  ignore line: [/usr/bin/cmake -E cmake_link_script CMakeFiles/cmTC_ec097.dir/link.txt --verbose=1]
  ignore line: [/usr/bin/g++-9      -v CMakeFiles/cmTC_ec097.dir/CMakeCXXCompilerABI.cpp.o  -o cmTC_ec097 ]
  ignore line: [Using built-in specs.]
  ignore line: [COLLECT_GCC=/usr/bin/g++-9]
  ignore line: [COLLECT_LTO_WRAPPER=/usr/lib64/gcc/x86_64-suse-linux/9/lto-wrapper]
  ignore line: [OFFLOAD_TARGET_NAMES=hsa:nvptx-none]
  ignore line: [Target: x86_64-suse-linux]
  ignore line: [Configured with: ../configure --prefix=/usr --infodir=/usr/share/info --mandir=/usr/share/man --libdir=/usr/lib64 --libexecdir=/usr/lib64 --enable-languages=c c++ fortran ada go --enable-offload-targets=hsa nvptx-none=/usr/nvptx-none  --without-cuda-driver --disable-werror --with-gxx-include-dir=/usr/include/c++/9 --enable-ssp --disable-libssp --disable-libvtv --disable-cet --disable-libcc1 --disable-plugin --with-bugurl=https://bugs.opensuse.org/ --with-pkgversion='SUSE Linux' --with-slibdir=/lib64 --with-system-zlib --enable-libstdcxx-allocator=new --disable-libstdcxx-pch --enable-version-specific-runtime-libs --with-gcc-major-version-only --enable-linker-build-id --enable-linux-futex --enable-gnu-indirect-function --program-suffix=-9 --without-system-libunwind --enable-multilib --with-arch-32=x86-64 --with-tune=generic --build=x86_64-suse-linux --host=x86_64-suse-linux]
  ignore line: [Thread model: posix]
  ignore line: [gcc version 9.3.1 20200406 [revision 6db837a5288ee3ca5ec504fbd5a765817e556ac2] (SUSE Linux) ]
  ignore line: [COMPILER_PATH=/usr/lib64/gcc/x86_64-suse-linux/9/:/usr/lib64/gcc/x86_64-suse-linux/9/:/usr/lib64/gcc/x86_64-suse-linux/:/usr/lib64/gcc/x86_64-suse-linux/9/:/usr/lib64/gcc/x86_64-suse-linux/:/usr/lib64/gcc/x86_64-suse-linux/9/../../../../x86_64-suse-linux/bin/]
  ignore line: [LIBRARY_PATH=/usr/lib64/gcc/x86_64-suse-linux/9/:/usr/lib64/gcc/x86_64-suse-linux/9/../../../../lib64/:/lib/../lib64/:/usr/lib/../lib64/:/usr/lib64/gcc/x86_64-suse-linux/9/../../../../x86_64-suse-linux/lib/:/usr/lib64/gcc/x86_64-suse-linux/9/../../../:/lib/:/usr/lib/]
  ignore line: [COLLECT_GCC_OPTIONS='-v' '-o' 'cmTC_ec097' '-shared-libgcc' '-mtune=generic' '-march=x86-64']
  link line: [ /usr/lib64/gcc/x86_64-suse-linux/9/collect2 -plugin /usr/lib64/gcc/x86_64-suse-linux/9/liblto_plugin.so -plugin-opt=/usr/lib64/gcc/x86_64-suse-linux/9/lto-wrapper -plugin-opt=-fresolution=/tmp/ccvmIYBK.res -plugin-opt=-pass-through=-lgcc_s -plugin-opt=-pass-through=-lgcc -plugin-opt=-pass-through=-lc -plugin-opt=-pass-through=-lgcc_s -plugin-opt=-pass-through=-lgcc --build-id --eh-frame-hdr -m elf_x86_64 -dynamic-linker /lib64/ld-linux-x86-64.so.2 -o cmTC_ec097 /usr/lib64/gcc/x86_64-suse-linux/9/../../../../lib64/crt1.o /usr/lib64/gcc/x86_64-suse-linux/9/../../../../lib64/crti.o /usr/lib64/gcc/x86_64-suse-linux/9/crtbegin.o -L/usr/lib64/gcc/x86_64-suse-linux/9 -L/usr/lib64/gcc/x86_64-suse-linux/9/../../../../lib64 -L/lib/../lib64 -L/usr/lib/../lib64 -L/usr/lib64/gcc/x86_64-suse-linux/9/../../../../x86_64-suse-linux/lib -L/usr/lib64/gcc/x86_64-suse-linux/9/../../.. CMakeFiles/cmTC_ec097.dir/CMakeCXXCompilerABI.cpp.o -lstdc++ -lm -lgcc_s -lgcc -lc -lgcc_s -lgcc /usr/lib64/gcc/x86_64-suse-linux/9/crtend.o /usr/lib64/gcc/x86_64-suse-linux/9/../../../../lib64/crtn.o]
    arg [/usr/lib64/gcc/x86_64-suse-linux/9/collect2] ==> ignore
    arg [-plugin] ==> ignore
    arg [/usr/lib64/gcc/x86_64-suse-linux/9/liblto_plugin.so] ==> ignore
    arg [-plugin-opt=/usr/lib64/gcc/x86_64-suse-linux/9/lto-wrapper] ==> ignore
    arg [-plugin-opt=-fresolution=/tmp/ccvmIYBK.res] ==> ignore
    arg [-plugin-opt=-pass-through=-lgcc_s] ==> ignore
    arg [-plugin-opt=-pass-through=-lgcc] ==> ignore
    arg [-plugin-opt=-pass-through=-lc] ==> ignore
    arg [-plugin-opt=-pass-through=-lgcc_s] ==> ignore
    arg [-plugin-opt=-pass-through=-lgcc] ==> ignore
    arg [--build-id] ==> ignore
    arg [--eh-frame-hdr] ==> ignore
    arg [-m] ==> ignore
    arg [elf_x86_64] ==> ignore
    arg [-dynamic-linker] ==> ignore
    arg [/lib64/ld-linux-x86-64.so.2] ==> ignore
    arg [-o] ==> ignore
    arg [cmTC_ec097] ==> ignore
    arg [/usr/lib64/gcc/x86_64-suse-linux/9/../../../../lib64/crt1.o] ==> ignore
    arg [/usr/lib64/gcc/x86_64-suse-linux/9/../../../../lib64/crti.o] ==> ignore
    arg [/usr/lib64/gcc/x86_64-suse-linux/9/crtbegin.o] ==> ignore
    arg [-L/usr/lib64/gcc/x86_64-suse-linux/9] ==> dir [/usr/lib64/gcc/x86_64-suse-linux/9]
    arg [-L/usr/lib64/gcc/x86_64-suse-linux/9/../../../../lib64] ==> dir [/usr/lib64/gcc/x86_64-suse-linux/9/../../../../lib64]
    arg [-L/lib/../lib64] ==> dir [/lib/../lib64]
    arg [-L/usr/lib/../lib64] ==> dir [/usr/lib/../lib64]
    arg [-L/usr/lib64/gcc/x86_64-suse-linux/9/../../../../x86_64-suse-linux/lib] ==> dir [/usr/lib64/gcc/x86_64-suse-linux/9/../../../../x86_64-suse-linux/lib]
    arg [-L/usr/lib64/gcc/x86_64-suse-linux/9/../../..] ==> dir [/usr/lib64/gcc/x86_64-suse-linux/9/../../..]
    arg [CMakeFiles/cmTC_ec097.dir/CMakeCXXCompilerABI.cpp.o] ==> ignore
    arg [-lstdc++] ==> lib [stdc++]
    arg [-lm] ==> lib [m]
    arg [-lgcc_s] ==> lib [gcc_s]
    arg [-lgcc] ==> lib [gcc]
    arg [-lc] ==> lib [c]
    arg [-lgcc_s] ==> lib [gcc_s]
    arg [-lgcc] ==> lib [gcc]
    arg [/usr/lib64/gcc/x86_64-suse-linux/9/crtend.o] ==> ignore
    arg [/usr/lib64/gcc/x86_64-suse-linux/9/../../../../lib64/crtn.o] ==> ignore
  collapse library dir [/usr/lib64/gcc/x86_64-suse-linux/9] ==> [/usr/lib64/gcc/x86_64-suse-linux/9]
  collapse library dir [/usr/lib64/gcc/x86_64-suse-linux/9/../../../../lib64] ==> [/usr/lib64]
  collapse library dir [/lib/../lib64] ==> [/lib64]
  collapse library dir [/usr/lib/../lib64] ==> [/usr/lib64]
  collapse library dir [/usr/lib64/gcc/x86_64-suse-linux/9/../../../../x86_64-suse-linux/lib] ==> [/usr/x86_64-suse-linux/lib]
  collapse library dir [/usr/lib64/gcc/x86_64-suse-linux/9/../../..] ==> [/usr/lib64]
  implicit libs: [stdc++;m;gcc_s;gcc;c;gcc_s;gcc]
  implicit dirs: [/usr/lib64/gcc/x86_64-suse-linux/9;/usr/lib64;/lib64;/usr/x86_64-suse-linux/lib]
  implicit fwks: []


